<?xml version="1.0" encoding="UTF-8"?>
<!-- Generated by org.testng.reporters.JUnitXMLReporter -->
<testsuite ignored="0" hostname="GVG-111" failures="0" tests="5" name="Default test" time="0.113" errors="0" timestamp="2024-02-17T12:31:48 IST">
  <testcase classname="TestNg_Frameworks.Demo4" name="Eighth_test" time="0.015"/>
  <testcase classname="TestNg_Frameworks.Demo4" name="Eighth_test" time="0.001"/>
  <testcase classname="TestNg_Frameworks.Demo4" name="Eighth_test" time="0.001"/>
  <testcase classname="TestNg_Frameworks.Demo4" name="Ninghth_test" time="0.001"/>
  <testcase classname="TestNg_Frameworks.Demo4" name="Seventh_test" time="0.002"/>
</testsuite> <!-- Default test -->
