<?xml version="1.0" encoding="UTF-8"?>
<!-- Generated by org.testng.reporters.JUnitXMLReporter -->
<testsuite ignored="7" hostname="GVG-111" failures="0" tests="4" name="Home Loan" time="0.014" errors="0" timestamp="2024-02-19T12:24:25 IST">
  <testcase classname="TestNg_Frameworks.Demo3" name="Fifth_test" time="0.001"/>
  <testcase classname="TestNg_Frameworks.Demo3" name="Sixth_test" time="0.001"/>
  <testcase classname="TestNg_Frameworks.Demo3" name="SmokeTC3" time="0.001"/>
  <testcase classname="TestNg_Frameworks.Demo5" name="Tenth_test" time="0.001"/>
  <testcase classname="TestNg_Frameworks.Demo3" name="Fourth_test" time="0.0">
    <ignored/>
  </testcase> <!-- Fourth_test -->
  <testcase classname="TestNg_Frameworks.Demo5" name="Elventh_test" time="0.0">
    <ignored/>
  </testcase> <!-- Elventh_test -->
  <testcase classname="TestNg_Frameworks.Demo5" name="MobileSignout" time="0.0">
    <ignored/>
  </testcase> <!-- MobileSignout -->
  <testcase classname="TestNg_Frameworks.Demo5" name="SmokeTC1" time="0.0">
    <ignored/>
  </testcase> <!-- SmokeTC1 -->
  <testcase classname="TestNg_Frameworks.Demo5" name="Registration" time="0.0">
    <ignored/>
  </testcase> <!-- Registration -->
  <testcase classname="TestNg_Frameworks.Demo5" name="SmokeTC2" time="0.0">
    <ignored/>
  </testcase> <!-- SmokeTC2 -->
  <testcase classname="TestNg_Frameworks.Demo5" name="MobileSignin" time="0.0">
    <ignored/>
  </testcase> <!-- MobileSignin -->
</testsuite> <!-- Home Loan -->
