<?xml version="1.0" encoding="UTF-8"?>
<!-- Generated by org.testng.reporters.JUnitXMLReporter -->
<testsuite ignored="0" hostname="GVG-111" failures="1" tests="3" name="Multiple UsernameandPWDtest" time="0.01" errors="0" timestamp="2024-02-17T12:27:29 IST">
  <testcase classname="TestNg_Frameworks.Demo4" name="Eighth_test" time="0.0">
    <failure type="org.testng.TestNGException" message="
Data Provider public void TestNg_Frameworks.Demo4.getdata() returned a null value">
      <![CDATA[org.testng.TestNGException: 
Data Provider public void TestNg_Frameworks.Demo4.getdata() returned a null value
at java.base/java.util.ArrayList.forEach(ArrayList.java:1511)
... Removed 24 stack frames]]>
    </failure>
  </testcase> <!-- Eighth_test -->
  <testcase classname="TestNg_Frameworks.Demo4" name="Ninghth_test" time="0.001"/>
  <testcase classname="TestNg_Frameworks.Demo4" name="Seventh_test" time="0.001"/>
</testsuite> <!-- Multiple UsernameandPWDtest -->
