<?xml version="1.0" encoding="UTF-8"?>
<!-- Generated by org.testng.reporters.JUnitXMLReporter -->
<testsuite ignored="14" hostname="GVG-111" failures="0" tests="3" name="Regression Test" time="0.064" errors="0" timestamp="2024-02-15T16:58:13 IST">
  <testcase classname="TestNg_Frameworks.Demo3" name="SmokeTC3" time="0.008"/>
  <testcase classname="TestNg_Frameworks.Demo5" name="SmokeTC1" time="0.002"/>
  <testcase classname="TestNg_Frameworks.Demo5" name="SmokeTC2" time="0.001"/>
  <testcase classname="TestNg_Frameworks.Demo3" name="Fourth_test" time="0.0">
    <ignored/>
  </testcase> <!-- Fourth_test -->
  <testcase classname="TestNg_Frameworks.Demo5" name="Elventh_test" time="0.0">
    <ignored/>
  </testcase> <!-- Elventh_test -->
  <testcase classname="TestNg_Frameworks.Demo4" name="Seventh_test" time="0.0">
    <ignored/>
  </testcase> <!-- Seventh_test -->
  <testcase classname="TestNg_Frameworks.Demo4" name="Eighth_test" time="0.0">
    <ignored/>
  </testcase> <!-- Eighth_test -->
  <testcase classname="TestNg_Frameworks.Demo5" name="Tenth_test" time="0.0">
    <ignored/>
  </testcase> <!-- Tenth_test -->
  <testcase classname="TestNg_Frameworks.Demo4" name="Ninghth_test" time="0.0">
    <ignored/>
  </testcase> <!-- Ninghth_test -->
  <testcase classname="TestNg_Frameworks.Demo5" name="Registration" time="0.0">
    <ignored/>
  </testcase> <!-- Registration -->
  <testcase classname="TestNg_Frameworks.Demo5" name="MobileSignin" time="0.0">
    <ignored/>
  </testcase> <!-- MobileSignin -->
  <testcase classname="TestNg_Frameworks.Demo2" name="Third_test" time="0.0">
    <ignored/>
  </testcase> <!-- Third_test -->
  <testcase classname="TestNg_Frameworks.Demo5" name="MobileSignout" time="0.0">
    <ignored/>
  </testcase> <!-- MobileSignout -->
  <testcase classname="TestNg_Frameworks.Demo3" name="Sixth_test" time="0.0">
    <ignored/>
  </testcase> <!-- Sixth_test -->
  <testcase classname="TestNg_Frameworks.Demo3" name="Fifth_test" time="0.0">
    <ignored/>
  </testcase> <!-- Fifth_test -->
  <testcase classname="TestNg_Frameworks.Demo1" name="Second_test" time="0.0">
    <ignored/>
  </testcase> <!-- Second_test -->
  <testcase classname="TestNg_Frameworks.Demo1" name="first_test" time="0.0">
    <ignored/>
  </testcase> <!-- first_test -->
</testsuite> <!-- Regression Test -->
