<?xml version="1.0" encoding="UTF-8"?>
<!-- Generated by org.testng.reporters.JUnitXMLReporter -->
<testsuite ignored="1" hostname="GVG-111" failures="0" tests="2" name="Home Loan" time="0.009" errors="0" timestamp="2024-02-15T14:38:50 IST">
  <testcase classname="TestNg_Frameworks.Demo3" name="Fifth_test" time="0.001"/>
  <testcase classname="TestNg_Frameworks.Demo3" name="Sixth_test" time="0.0"/>
  <testcase classname="TestNg_Frameworks.Demo3" name="Fourth_test" time="0.0">
    <ignored/>
  </testcase> <!-- Fourth_test -->
</testsuite> <!-- Home Loan -->
