<?xml version="1.0" encoding="UTF-8"?>
<!-- Generated by org.testng.reporters.JUnitXMLReporter -->
<testsuite ignored="0" hostname="GVG-111" failures="0" tests="6" name="Personal Loan" time="0.055" errors="0" timestamp="2024-02-15T14:38:50 IST">
  <testcase classname="TestNg_Frameworks.Demo1" name="Second_test" time="0.009"/>
  <testcase classname="TestNg_Frameworks.Demo1" name="first_test" time="0.001"/>
  <testcase classname="TestNg_Frameworks.Demo2" name="Third_test" time="0.0"/>
  <testcase classname="TestNg_Frameworks.Demo4" name="Eighth_test" time="0.0"/>
  <testcase classname="TestNg_Frameworks.Demo4" name="Ninghth_test" time="0.001"/>
  <testcase classname="TestNg_Frameworks.Demo4" name="Seventh_test" time="0.001"/>
</testsuite> <!-- Personal Loan -->
